{"level":"info","message":"Starting download process for 1 projects","projects":["9356"],"timestamp":"2025-06-08 08:17:43"}
{"duplicatesRemoved":0,"level":"info","message":"Prepared 1 projects for download","timestamp":"2025-06-08 08:17:43","total":1,"unique":1}
{"level":"info","message":"Connecting to Chrome on port 9222","timestamp":"2025-06-08 08:17:43"}
{"chromePort":9222,"level":"info","message":"Connected to Chrome debug session","timestamp":"2025-06-08 08:17:43"}
{"level":"info","message":"Chrome connection established","timestamp":"2025-06-08 08:17:43"}
{"level":"info","message":"Starting project download","projectNumber":"0009356","timestamp":"2025-06-08 08:17:43"}
{"error":{"message":"User authentication required. Please login manually to identita.gov.cz","name":"Error","stack":"Error: User authentication required. Please login manually to identita.gov.cz\n    at DownloadEngine.downloadProject (file:///root/vyvoj_sw/ku_downloader/dist/core/DownloadEngine.js:98:23)\n    at process.processTicksAndRejections (node:internal/process/task_queues:95:5)\n    at async DownloadEngine.downloadProjects (file:///root/vyvoj_sw/ku_downloader/dist/core/DownloadEngine.js:48:36)\n    at async ESFDownloaderCLI.run (file:///root/vyvoj_sw/ku_downloader/dist/interfaces/cli/index.js:39:29)"},"level":"error","message":"Project download failed","projectNumber":"0009356","timestamp":"2025-06-08 08:17:44"}
{"error":{"message":"User authentication required. Please login manually to identita.gov.cz","name":"Error","stack":"Error: User authentication required. Please login manually to identita.gov.cz\n    at DownloadEngine.downloadProject (file:///root/vyvoj_sw/ku_downloader/dist/core/DownloadEngine.js:98:23)\n    at process.processTicksAndRejections (node:internal/process/task_queues:95:5)\n    at async DownloadEngine.downloadProjects (file:///root/vyvoj_sw/ku_downloader/dist/core/DownloadEngine.js:48:36)\n    at async ESFDownloaderCLI.run (file:///root/vyvoj_sw/ku_downloader/dist/interfaces/cli/index.js:39:29)"},"level":"error","message":"Project 0009356 failed","projectNumber":"0009356","timestamp":"2025-06-08 08:17:44"}
{"level":"info","message":"Download process completed: 0/1 successful","timestamp":"2025-06-08 08:17:45"}
{"level":"warn","message":"Disconnected from Chrome debug session","timestamp":"2025-06-08 08:17:45"}
{"level":"info","message":"Starting download process for 1 projects","projects":["9356"],"timestamp":"2025-06-08 08:26:11"}
{"duplicatesRemoved":0,"level":"info","message":"Prepared 1 projects for download","timestamp":"2025-06-08 08:26:11","total":1,"unique":1}
{"level":"info","message":"Connecting to Chrome on port 9222","timestamp":"2025-06-08 08:26:11"}
{"chromePort":9222,"level":"info","message":"Connected to Chrome debug session","timestamp":"2025-06-08 08:26:11"}
{"level":"info","message":"Chrome connection established","timestamp":"2025-06-08 08:26:11"}
{"level":"info","message":"Starting project download","projectNumber":"0009356","timestamp":"2025-06-08 08:26:11"}
{"error":{"message":"User authentication required. Please login manually to identita.gov.cz","name":"AuthError","stack":"AuthError: User authentication required. Please login manually to identita.gov.cz\n    at ESFPortal.verifyAuthentication (file:///root/vyvoj_sw/ku_downloader/dist/core/ESFPortal.js:116:19)\n    at process.processTicksAndRejections (node:internal/process/task_queues:95:5)\n    at async ESFPortal.navigateToProject (file:///root/vyvoj_sw/ku_downloader/dist/core/ESFPortal.js:28:13)\n    at async DownloadEngine.downloadProject (file:///root/vyvoj_sw/ku_downloader/dist/core/DownloadEngine.js:98:13)\n    at async DownloadEngine.downloadProjects (file:///root/vyvoj_sw/ku_downloader/dist/core/DownloadEngine.js:50:36)\n    at async ESFDownloaderCLI.run (file:///root/vyvoj_sw/ku_downloader/dist/interfaces/cli/index.js:39:29)"},"level":"error","message":"Project download failed","projectNumber":"0009356","timestamp":"2025-06-08 08:26:11"}
{"error":{"message":"User authentication required. Please login manually to identita.gov.cz","name":"AuthError","stack":"AuthError: User authentication required. Please login manually to identita.gov.cz\n    at ESFPortal.verifyAuthentication (file:///root/vyvoj_sw/ku_downloader/dist/core/ESFPortal.js:116:19)\n    at process.processTicksAndRejections (node:internal/process/task_queues:95:5)\n    at async ESFPortal.navigateToProject (file:///root/vyvoj_sw/ku_downloader/dist/core/ESFPortal.js:28:13)\n    at async DownloadEngine.downloadProject (file:///root/vyvoj_sw/ku_downloader/dist/core/DownloadEngine.js:98:13)\n    at async DownloadEngine.downloadProjects (file:///root/vyvoj_sw/ku_downloader/dist/core/DownloadEngine.js:50:36)\n    at async ESFDownloaderCLI.run (file:///root/vyvoj_sw/ku_downloader/dist/interfaces/cli/index.js:39:29)"},"level":"error","message":"Project 0009356 failed","projectNumber":"0009356","timestamp":"2025-06-08 08:26:11"}
{"level":"info","message":"Download process completed: 0/1 successful","timestamp":"2025-06-08 08:26:12"}
{"level":"warn","message":"Disconnected from Chrome debug session","timestamp":"2025-06-08 08:26:12"}
{"level":"info","message":"Connecting to Chrome on port 9222","timestamp":"2025-06-08 08:34:52"}
{"chromePort":9222,"level":"info","message":"Connected to Chrome debug session","timestamp":"2025-06-08 08:34:52"}
{"level":"info","message":"Connecting to Chrome on port 9222","timestamp":"2025-06-08 08:48:52"}
{"chromePort":9222,"level":"info","message":"Connected to Chrome debug session","timestamp":"2025-06-08 08:48:52"}
{"level":"info","message":"🔍 Starting network analysis recording","projectNumber":"740","timestamp":"2025-06-08 08:49:06"}
{"level":"info","message":"✅ Network analyzer recording started","timestamp":"2025-06-08 08:49:06"}
{"level":"info","message":"🛑 Stopping network analysis recording","timestamp":"2025-06-08 08:53:19"}
{"level":"info","message":"📊 Analysis data saved: esf_analysis_2025-06-08T06-53-19-690Z_projekt_740.json","timestamp":"2025-06-08 08:53:19"}
{"level":"warn","message":"Disconnected from Chrome debug session","timestamp":"2025-06-08 08:53:19"}
{"level":"info","message":"Connecting to Chrome on port 9222","timestamp":"2025-06-08 09:02:55"}
{"chromePort":9222,"level":"info","message":"Connected to Chrome debug session","timestamp":"2025-06-08 09:02:55"}
{"level":"warn","message":"Disconnected from Chrome debug session","timestamp":"2025-06-08 09:02:55"}
{"level":"info","message":"Connecting to Chrome on port 9222","timestamp":"2025-06-08 09:05:12"}
{"chromePort":9222,"level":"info","message":"Connected to Chrome debug session","timestamp":"2025-06-08 09:05:12"}
{"level":"info","message":"🔍 Starting network analysis recording","projectNumber":"2799","timestamp":"2025-06-08 09:05:30"}
{"level":"info","message":"✅ Network analyzer recording started","timestamp":"2025-06-08 09:05:30"}
{"level":"info","message":"📍 Manual marker: esf login page","projectNumber":"2799","timestamp":"2025-06-08 09:06:14"}
{"level":"info","message":"📍 Manual marker: redirect to nia.identita.gov","projectNumber":"2799","timestamp":"2025-06-08 09:06:38"}
{"level":"info","message":"📍 Manual marker: redirect back to esf","projectNumber":"2799","timestamp":"2025-06-08 09:07:58"}
{"level":"info","message":"📍 Manual marker: select project 2799","projectNumber":"2799","timestamp":"2025-06-08 09:08:46"}
{"level":"info","message":"📍 Manual marker: project info","projectNumber":"2799","timestamp":"2025-06-08 09:09:06"}
{"level":"info","message":"📍 Manual marker: Povolit stažení PDF formuláře podpořené osoby","projectNumber":"2799","timestamp":"2025-06-08 09:09:26"}
{"level":"info","message":"📍 Manual marker: 50 zaznamu na straku","projectNumber":"2799","timestamp":"2025-06-08 09:10:09"}
{"level":"info","message":"📍 Manual marker: user detail","projectNumber":"2799","timestamp":"2025-06-08 09:10:25"}
{"level":"info","message":"📍 Manual marker: tisk to pdf -> download pdf","projectNumber":"2799","timestamp":"2025-06-08 09:11:06"}
{"level":"info","message":"📍 Manual marker: zpet na moje projekty","projectNumber":"2799","timestamp":"2025-06-08 09:12:03"}
{"level":"info","message":"🛑 Stopping network analysis recording","timestamp":"2025-06-08 09:12:19"}
{"level":"info","message":"📊 Analysis data saved: esf_analysis_2025-06-08T07-12-19-515Z_projekt_2799.json","timestamp":"2025-06-08 09:12:19"}
{"level":"warn","message":"Disconnected from Chrome debug session","timestamp":"2025-06-08 09:12:34"}
{"level":"info","message":"Connecting to Chrome on port 9222","timestamp":"2025-06-08 09:20:18"}
{"level":"info","message":"Available Chrome tabs (1):","timestamp":"2025-06-08 09:20:18"}
{"level":"info","message":"  Tab 654186FEAF267F0256781163BE83A83C: Google - https://www.google.com/","timestamp":"2025-06-08 09:20:18"}
{"level":"info","message":"Found active tab: Google - https://www.google.com/","timestamp":"2025-06-08 09:20:18"}
{"level":"warn","message":"No ESF tab found, using active tab: Google","timestamp":"2025-06-08 09:20:18"}
{"level":"info","message":"Connecting to specific tab: 654186FEAF267F0256781163BE83A83C - https://www.google.com/","timestamp":"2025-06-08 09:20:18"}
{"chromePort":9222,"level":"info","message":"Connected to Chrome debug session","timestamp":"2025-06-08 09:20:18"}
{"level":"warn","message":"Disconnected from Chrome debug session","timestamp":"2025-06-08 09:20:18"}
{"level":"info","message":"Connecting to Chrome on port 9222","timestamp":"2025-06-08 09:36:57"}
{"level":"info","message":"Available Chrome tabs (1):","timestamp":"2025-06-08 09:36:57"}
{"level":"info","message":"  Tab 654186FEAF267F0256781163BE83A83C: Google - https://www.google.com/","timestamp":"2025-06-08 09:36:57"}
{"level":"info","message":"Found active tab: Google - https://www.google.com/","timestamp":"2025-06-08 09:36:57"}
{"level":"warn","message":"No ESF tab found, using active tab: Google","timestamp":"2025-06-08 09:36:57"}
{"level":"info","message":"Connecting to specific tab: 654186FEAF267F0256781163BE83A83C - https://www.google.com/","timestamp":"2025-06-08 09:36:57"}
{"chromePort":9222,"level":"info","message":"Connected to Chrome debug session","timestamp":"2025-06-08 09:36:57"}
{"level":"info","message":"🔍 Starting network analysis recording","projectNumber":"2799","timestamp":"2025-06-08 09:37:07"}
{"level":"info","message":"✅ Network analyzer recording started","timestamp":"2025-06-08 09:37:08"}
{"level":"info","message":"📍 Manual marker: \"projekt-seznam-loaded\"","projectNumber":"2799","timestamp":"2025-06-08 09:37:55"}
{"level":"info","message":"📍 Manual marker: \"projekt-2799-filtered\"","projectNumber":"2799","timestamp":"2025-06-08 09:38:11"}
{"level":"info","message":"📍 Manual marker: \"projekt-detail-loaded\"","projectNumber":"2799","timestamp":"2025-06-08 09:38:24"}
{"level":"info","message":"📍 Manual marker: \"povoleno stazeni pdf\"","projectNumber":"2799","timestamp":"2025-06-08 09:38:52"}
{"level":"info","message":"📍 Manual marker: \"podporene-osoby-loaded\"","projectNumber":"2799","timestamp":"2025-06-08 09:39:09"}
{"level":"info","message":"📍 Manual marker: \"50 zaznamu na strance loaded\"","projectNumber":"2799","timestamp":"2025-06-08 09:39:51"}
{"level":"info","message":"📍 Manual marker: \"osoba-detail-loaded\"","projectNumber":"2799","timestamp":"2025-06-08 09:40:20"}
{"level":"info","message":"📍 Manual marker: \"pdf-download-clicked\"","projectNumber":"2799","timestamp":"2025-06-08 09:40:38"}
{"level":"info","message":"📍 Manual marker: \"pdf-downloaded\"","projectNumber":"2799","timestamp":"2025-06-08 09:40:46"}
{"level":"info","message":"🛑 Stopping network analysis recording","timestamp":"2025-06-08 09:40:48"}
{"level":"info","message":"📊 Analysis data saved: esf_analysis_2025-06-08T07-40-48-179Z_projekt_2799.json","timestamp":"2025-06-08 09:40:48"}
{"level":"warn","message":"Chrome disconnected unexpectedly","timestamp":"2025-06-08 09:44:49"}
{"level":"info","message":"Scheduling reconnect attempt 1/5 in 2000ms","timestamp":"2025-06-08 09:44:49"}
{"level":"info","message":"Connecting to Chrome on port 9222","timestamp":"2025-06-08 09:44:51"}
{"error":{"message":"Chrome is not running in debug mode on port 9222. Please start Chrome with: google-chrome --headless --remote-debugging-port=9222","name":"Error","stack":"Error: Chrome is not running in debug mode on port 9222. Please start Chrome with: google-chrome --headless --remote-debugging-port=9222\n    at SessionManager.testChromeAvailability (file:///root/vyvoj_sw/ku_downloader/dist/core/SessionManager.js:207:19)\n    at process.processTicksAndRejections (node:internal/process/task_queues:95:5)\n    at async SessionManager.connect (file:///root/vyvoj_sw/ku_downloader/dist/core/SessionManager.js:47:13)\n    at async Timeout._onTimeout (file:///root/vyvoj_sw/ku_downloader/dist/core/SessionManager.js:300:17)"},"level":"error","message":"Failed to connect to Chrome","timestamp":"2025-06-08 09:44:51"}
{"level":"info","message":"Scheduling reconnect attempt 2/5 in 4000ms","timestamp":"2025-06-08 09:44:51"}
{"error":{"message":"Failed to connect to Chrome on port 9222: Chrome is not running in debug mode on port 9222. Please start Chrome with: google-chrome --headless --remote-debugging-port=9222","name":"NetworkError","stack":"NetworkError: Failed to connect to Chrome on port 9222: Chrome is not running in debug mode on port 9222. Please start Chrome with: google-chrome --headless --remote-debugging-port=9222\n    at SessionManager.connect (file:///root/vyvoj_sw/ku_downloader/dist/core/SessionManager.js:78:19)\n    at process.processTicksAndRejections (node:internal/process/task_queues:95:5)\n    at async Timeout._onTimeout (file:///root/vyvoj_sw/ku_downloader/dist/core/SessionManager.js:300:17)"},"level":"error","message":"Reconnect attempt 2 failed","timestamp":"2025-06-08 09:44:51"}
{"level":"info","message":"Connecting to Chrome on port 9222","timestamp":"2025-06-08 09:44:55"}
{"error":{"message":"Chrome is not running in debug mode on port 9222. Please start Chrome with: google-chrome --headless --remote-debugging-port=9222","name":"Error","stack":"Error: Chrome is not running in debug mode on port 9222. Please start Chrome with: google-chrome --headless --remote-debugging-port=9222\n    at SessionManager.testChromeAvailability (file:///root/vyvoj_sw/ku_downloader/dist/core/SessionManager.js:207:19)\n    at process.processTicksAndRejections (node:internal/process/task_queues:95:5)\n    at async SessionManager.connect (file:///root/vyvoj_sw/ku_downloader/dist/core/SessionManager.js:47:13)\n    at async Timeout._onTimeout (file:///root/vyvoj_sw/ku_downloader/dist/core/SessionManager.js:300:17)"},"level":"error","message":"Failed to connect to Chrome","timestamp":"2025-06-08 09:44:55"}
{"level":"info","message":"Scheduling reconnect attempt 3/5 in 6000ms","timestamp":"2025-06-08 09:44:55"}
{"error":{"message":"Failed to connect to Chrome on port 9222: Chrome is not running in debug mode on port 9222. Please start Chrome with: google-chrome --headless --remote-debugging-port=9222","name":"NetworkError","stack":"NetworkError: Failed to connect to Chrome on port 9222: Chrome is not running in debug mode on port 9222. Please start Chrome with: google-chrome --headless --remote-debugging-port=9222\n    at SessionManager.connect (file:///root/vyvoj_sw/ku_downloader/dist/core/SessionManager.js:78:19)\n    at process.processTicksAndRejections (node:internal/process/task_queues:95:5)\n    at async Timeout._onTimeout (file:///root/vyvoj_sw/ku_downloader/dist/core/SessionManager.js:300:17)"},"level":"error","message":"Reconnect attempt 3 failed","timestamp":"2025-06-08 09:44:55"}
{"level":"info","message":"Connecting to Chrome on port 9222","timestamp":"2025-06-08 09:45:01"}
{"error":{"message":"Chrome is not running in debug mode on port 9222. Please start Chrome with: google-chrome --headless --remote-debugging-port=9222","name":"Error","stack":"Error: Chrome is not running in debug mode on port 9222. Please start Chrome with: google-chrome --headless --remote-debugging-port=9222\n    at SessionManager.testChromeAvailability (file:///root/vyvoj_sw/ku_downloader/dist/core/SessionManager.js:207:19)\n    at process.processTicksAndRejections (node:internal/process/task_queues:95:5)\n    at async SessionManager.connect (file:///root/vyvoj_sw/ku_downloader/dist/core/SessionManager.js:47:13)\n    at async Timeout._onTimeout (file:///root/vyvoj_sw/ku_downloader/dist/core/SessionManager.js:300:17)"},"level":"error","message":"Failed to connect to Chrome","timestamp":"2025-06-08 09:45:01"}
{"level":"info","message":"Scheduling reconnect attempt 4/5 in 8000ms","timestamp":"2025-06-08 09:45:01"}
{"error":{"message":"Failed to connect to Chrome on port 9222: Chrome is not running in debug mode on port 9222. Please start Chrome with: google-chrome --headless --remote-debugging-port=9222","name":"NetworkError","stack":"NetworkError: Failed to connect to Chrome on port 9222: Chrome is not running in debug mode on port 9222. Please start Chrome with: google-chrome --headless --remote-debugging-port=9222\n    at SessionManager.connect (file:///root/vyvoj_sw/ku_downloader/dist/core/SessionManager.js:78:19)\n    at process.processTicksAndRejections (node:internal/process/task_queues:95:5)\n    at async Timeout._onTimeout (file:///root/vyvoj_sw/ku_downloader/dist/core/SessionManager.js:300:17)"},"level":"error","message":"Reconnect attempt 4 failed","timestamp":"2025-06-08 09:45:01"}
{"level":"info","message":"Connecting to Chrome on port 9222","timestamp":"2025-06-08 09:45:09"}
{"error":{"message":"Chrome is not running in debug mode on port 9222. Please start Chrome with: google-chrome --headless --remote-debugging-port=9222","name":"Error","stack":"Error: Chrome is not running in debug mode on port 9222. Please start Chrome with: google-chrome --headless --remote-debugging-port=9222\n    at SessionManager.testChromeAvailability (file:///root/vyvoj_sw/ku_downloader/dist/core/SessionManager.js:207:19)\n    at process.processTicksAndRejections (node:internal/process/task_queues:95:5)\n    at async SessionManager.connect (file:///root/vyvoj_sw/ku_downloader/dist/core/SessionManager.js:47:13)\n    at async Timeout._onTimeout (file:///root/vyvoj_sw/ku_downloader/dist/core/SessionManager.js:300:17)"},"level":"error","message":"Failed to connect to Chrome","timestamp":"2025-06-08 09:45:09"}
{"level":"info","message":"Scheduling reconnect attempt 5/5 in 10000ms","timestamp":"2025-06-08 09:45:09"}
{"error":{"message":"Failed to connect to Chrome on port 9222: Chrome is not running in debug mode on port 9222. Please start Chrome with: google-chrome --headless --remote-debugging-port=9222","name":"NetworkError","stack":"NetworkError: Failed to connect to Chrome on port 9222: Chrome is not running in debug mode on port 9222. Please start Chrome with: google-chrome --headless --remote-debugging-port=9222\n    at SessionManager.connect (file:///root/vyvoj_sw/ku_downloader/dist/core/SessionManager.js:78:19)\n    at process.processTicksAndRejections (node:internal/process/task_queues:95:5)\n    at async Timeout._onTimeout (file:///root/vyvoj_sw/ku_downloader/dist/core/SessionManager.js:300:17)"},"level":"error","message":"Reconnect attempt 5 failed","timestamp":"2025-06-08 09:45:09"}
{"level":"info","message":"Connecting to Chrome on port 9222","timestamp":"2025-06-08 09:45:19"}
{"level":"info","message":"Available Chrome tabs (1):","timestamp":"2025-06-08 09:45:19"}
{"level":"info","message":"  Tab 497D8510DF4D9F6EB85C9BC7A5F4BECE: New Tab - chrome://newtab/","timestamp":"2025-06-08 09:45:19"}
{"chromePort":9222,"level":"info","message":"Connected to Chrome debug session","timestamp":"2025-06-08 09:45:20"}
{"level":"info","message":"Connecting to Chrome on port 9222","timestamp":"2025-06-08 09:57:05"}
{"level":"info","message":"Available Chrome tabs (2):","timestamp":"2025-06-08 09:57:05"}
{"level":"info","message":"  Tab 7C2A1701DB8D2DF815E252DF24A305E8: DevTools - esf2014.esfcr.cz/PublicPortal/Views/Pro - devtools://devtools/bundled/devtools_app.html?remoteBase=https://chrome-devtools","timestamp":"2025-06-08 09:57:05"}
{"level":"info","message":"  Tab 497D8510DF4D9F6EB85C9BC7A5F4BECE: Seznam mých projektů - https://esf2014.esfcr.cz/PublicPortal/Views/Projekty/ProjektSeznamPage.aspx?acti","timestamp":"2025-06-08 09:57:05"}
{"level":"info","message":"Found ESF-related tab: Seznam mých projektů - https://esf2014.esfcr.cz/PublicPortal/Views/Projekty/ProjektSeznamPage.aspx?action=getMy","timestamp":"2025-06-08 09:57:05"}
{"level":"info","message":"Connecting to specific tab: 497D8510DF4D9F6EB85C9BC7A5F4BECE - https://esf2014.esfcr.cz/PublicPortal/Views/Projekty/ProjektSeznamPage.aspx?action=getMy","timestamp":"2025-06-08 09:57:05"}
{"chromePort":9222,"level":"info","message":"Connected to Chrome debug session","timestamp":"2025-06-08 09:57:05"}
{"level":"info","message":"🔍 Starting network analysis recording","projectNumber":"2799","timestamp":"2025-06-08 09:57:13"}
{"level":"info","message":"✅ Network analyzer recording started","timestamp":"2025-06-08 09:57:13"}
{"level":"info","message":"📍 Manual marker: \"projekt-seznam-loaded\" - ProjektSeznamPage","projectNumber":"2799","timestamp":"2025-06-08 09:58:37"}
{"level":"info","message":"📍 Manual marker: \"projekt-2799-filtered\" - Po filtraci","projectNumber":"2799","timestamp":"2025-06-08 09:58:57"}
{"level":"info","message":"📍 Manual marker: \"projekt-detail-loaded\" - Detail projektu","projectNumber":"2799","timestamp":"2025-06-08 09:59:10"}
{"level":"info","message":"📍 Manual marker: \"download pdf povoleno\"","projectNumber":"2799","timestamp":"2025-06-08 09:59:30"}
{"level":"info","message":"📍 Manual marker: \"podporene-osoby-loaded\"","projectNumber":"2799","timestamp":"2025-06-08 09:59:52"}
{"level":"info","message":"📍 Manual marker: \"50 zaznamu na strance loaded\" - Pagination","projectNumber":"2799","timestamp":"2025-06-08 10:00:10"}
{"level":"info","message":"📍 Manual marker: \"osoba-detail-loaded\" - Detail osoby","projectNumber":"2799","timestamp":"2025-06-08 10:00:26"}
{"level":"info","message":"📍 Manual marker: \"pdf-download-clicked\" - PDF download","projectNumber":"2799","timestamp":"2025-06-08 10:00:40"}
{"level":"info","message":"📍 Manual marker: \"pdf-downloaded\" - Dokončeno","projectNumber":"2799","timestamp":"2025-06-08 10:00:55"}
{"level":"info","message":"🛑 Stopping network analysis recording","timestamp":"2025-06-08 10:00:58"}
{"level":"info","message":"📊 Analysis data saved: esf_analysis_2025-06-08T08-00-58-508Z_projekt_2799.json","timestamp":"2025-06-08 10:00:58"}
{"level":"info","message":"Starting download process for 1 projects","projects":["2799"],"timestamp":"2025-06-08 10:12:04"}
{"duplicatesRemoved":0,"level":"info","message":"Prepared 1 projects for download","timestamp":"2025-06-08 10:12:04","total":1,"unique":1}
{"level":"info","message":"Connecting to Chrome on port 9222","timestamp":"2025-06-08 10:12:04"}
{"level":"info","message":"Available Chrome tabs (1):","timestamp":"2025-06-08 10:12:04"}
{"level":"info","message":"  Tab 497D8510DF4D9F6EB85C9BC7A5F4BECE: Detail podpořené osoby projektu - https://esf2014.esfcr.cz/PublicPortal/Views/Projekty/PodporenaOsobaProjektuDetai","timestamp":"2025-06-08 10:12:04"}
{"level":"info","message":"Found ESF-related tab: Detail podpořené osoby projektu - https://esf2014.esfcr.cz/PublicPortal/Views/Projekty/PodporenaOsobaProjektuDetailPage.aspx?action=get&podporenaOsobaProjektuId=2371979&akceProjektuId=null&aktualni=True&zorMscId=null","timestamp":"2025-06-08 10:12:04"}
{"level":"info","message":"Connecting to specific tab: 497D8510DF4D9F6EB85C9BC7A5F4BECE - https://esf2014.esfcr.cz/PublicPortal/Views/Projekty/PodporenaOsobaProjektuDetailPage.aspx?action=get&podporenaOsobaProjektuId=2371979&akceProjektuId=null&aktualni=True&zorMscId=null","timestamp":"2025-06-08 10:12:04"}
{"chromePort":9222,"level":"info","message":"Connected to Chrome debug session","timestamp":"2025-06-08 10:12:04"}
{"level":"info","message":"Chrome connection established","timestamp":"2025-06-08 10:12:04"}
{"level":"info","message":"Starting project download","projectNumber":"0002799","timestamp":"2025-06-08 10:12:04"}
{"level":"info","message":"[0002799] Starting ESF portal navigation","timestamp":"2025-06-08 10:12:04"}
{"error":{"message":"Failed to navigate to supported persons","name":"NetworkError","stack":"NetworkError: Failed to navigate to supported persons\n    at ESFPortal.navigateToSupportedPersons (file:///root/vyvoj_sw/ku_downloader/dist/core/ESFPortal.js:295:19)\n    at process.processTicksAndRejections (node:internal/process/task_queues:95:5)\n    at async ESFPortal.navigateToProject (file:///root/vyvoj_sw/ku_downloader/dist/core/ESFPortal.js:34:13)\n    at async DownloadEngine.downloadProject (file:///root/vyvoj_sw/ku_downloader/dist/core/DownloadEngine.js:98:13)\n    at async DownloadEngine.downloadProjects (file:///root/vyvoj_sw/ku_downloader/dist/core/DownloadEngine.js:50:36)\n    at async ESFDownloaderCLI.run (file:///root/vyvoj_sw/ku_downloader/dist/interfaces/cli/index.js:39:29)"},"level":"error","message":"Project download failed","projectNumber":"0002799","timestamp":"2025-06-08 10:12:10"}
{"error":{"message":"Failed to navigate to supported persons","name":"NetworkError","stack":"NetworkError: Failed to navigate to supported persons\n    at ESFPortal.navigateToSupportedPersons (file:///root/vyvoj_sw/ku_downloader/dist/core/ESFPortal.js:295:19)\n    at process.processTicksAndRejections (node:internal/process/task_queues:95:5)\n    at async ESFPortal.navigateToProject (file:///root/vyvoj_sw/ku_downloader/dist/core/ESFPortal.js:34:13)\n    at async DownloadEngine.downloadProject (file:///root/vyvoj_sw/ku_downloader/dist/core/DownloadEngine.js:98:13)\n    at async DownloadEngine.downloadProjects (file:///root/vyvoj_sw/ku_downloader/dist/core/DownloadEngine.js:50:36)\n    at async ESFDownloaderCLI.run (file:///root/vyvoj_sw/ku_downloader/dist/interfaces/cli/index.js:39:29)"},"level":"error","message":"Project 0002799 failed","projectNumber":"0002799","timestamp":"2025-06-08 10:12:10"}
{"level":"info","message":"Download process completed: 0/1 successful","timestamp":"2025-06-08 10:12:11"}
{"level":"warn","message":"Disconnected from Chrome debug session","timestamp":"2025-06-08 10:12:11"}
{"level":"warn","message":"Disconnected from Chrome debug session","timestamp":"2025-06-08 10:13:17"}
{"level":"info","message":"Starting download process for 1 projects","projects":["2799"],"timestamp":"2025-06-08 10:13:29"}
{"duplicatesRemoved":0,"level":"info","message":"Prepared 1 projects for download","timestamp":"2025-06-08 10:13:29","total":1,"unique":1}
{"level":"info","message":"Connecting to Chrome on port 9222","timestamp":"2025-06-08 10:13:29"}
{"level":"info","message":"Available Chrome tabs (1):","timestamp":"2025-06-08 10:13:29"}
{"level":"info","message":"  Tab 497D8510DF4D9F6EB85C9BC7A5F4BECE: Seznam mých projektů - https://esf2014.esfcr.cz/PublicPortal/Views/Projekty/ProjektSeznamPage.aspx?acti","timestamp":"2025-06-08 10:13:29"}
{"level":"info","message":"Found ESF-related tab: Seznam mých projektů - https://esf2014.esfcr.cz/PublicPortal/Views/Projekty/ProjektSeznamPage.aspx?action=getMy","timestamp":"2025-06-08 10:13:29"}
{"level":"info","message":"Connecting to specific tab: 497D8510DF4D9F6EB85C9BC7A5F4BECE - https://esf2014.esfcr.cz/PublicPortal/Views/Projekty/ProjektSeznamPage.aspx?action=getMy","timestamp":"2025-06-08 10:13:29"}
{"chromePort":9222,"level":"info","message":"Connected to Chrome debug session","timestamp":"2025-06-08 10:13:29"}
{"level":"info","message":"Chrome connection established","timestamp":"2025-06-08 10:13:29"}
{"level":"info","message":"Starting project download","projectNumber":"0002799","timestamp":"2025-06-08 10:13:29"}
{"level":"info","message":"[0002799] Starting ESF portal navigation","timestamp":"2025-06-08 10:13:29"}
{"error":{"message":"Failed to navigate to supported persons","name":"NetworkError","stack":"NetworkError: Failed to navigate to supported persons\n    at ESFPortal.navigateToSupportedPersons (file:///root/vyvoj_sw/ku_downloader/dist/core/ESFPortal.js:295:19)\n    at process.processTicksAndRejections (node:internal/process/task_queues:95:5)\n    at async ESFPortal.navigateToProject (file:///root/vyvoj_sw/ku_downloader/dist/core/ESFPortal.js:34:13)\n    at async DownloadEngine.downloadProject (file:///root/vyvoj_sw/ku_downloader/dist/core/DownloadEngine.js:98:13)\n    at async DownloadEngine.downloadProjects (file:///root/vyvoj_sw/ku_downloader/dist/core/DownloadEngine.js:50:36)\n    at async ESFDownloaderCLI.run (file:///root/vyvoj_sw/ku_downloader/dist/interfaces/cli/index.js:39:29)"},"level":"error","message":"Project download failed","projectNumber":"0002799","timestamp":"2025-06-08 10:13:34"}
{"error":{"message":"Failed to navigate to supported persons","name":"NetworkError","stack":"NetworkError: Failed to navigate to supported persons\n    at ESFPortal.navigateToSupportedPersons (file:///root/vyvoj_sw/ku_downloader/dist/core/ESFPortal.js:295:19)\n    at process.processTicksAndRejections (node:internal/process/task_queues:95:5)\n    at async ESFPortal.navigateToProject (file:///root/vyvoj_sw/ku_downloader/dist/core/ESFPortal.js:34:13)\n    at async DownloadEngine.downloadProject (file:///root/vyvoj_sw/ku_downloader/dist/core/DownloadEngine.js:98:13)\n    at async DownloadEngine.downloadProjects (file:///root/vyvoj_sw/ku_downloader/dist/core/DownloadEngine.js:50:36)\n    at async ESFDownloaderCLI.run (file:///root/vyvoj_sw/ku_downloader/dist/interfaces/cli/index.js:39:29)"},"level":"error","message":"Project 0002799 failed","projectNumber":"0002799","timestamp":"2025-06-08 10:13:34"}
{"level":"info","message":"Download process completed: 0/1 successful","timestamp":"2025-06-08 10:13:35"}
{"level":"warn","message":"Disconnected from Chrome debug session","timestamp":"2025-06-08 10:13:35"}
{"level":"warn","message":"Chrome disconnected unexpectedly","timestamp":"2025-06-08 11:32:11"}
{"level":"info","message":"Scheduling reconnect attempt 1/5 in 2000ms","timestamp":"2025-06-08 11:32:11"}
{"level":"info","message":"Connecting to Chrome on port 9222","timestamp":"2025-06-08 11:32:13"}
{"error":{"message":"Chrome is not running in debug mode on port 9222. Please start Chrome with: google-chrome --headless --remote-debugging-port=9222","name":"Error","stack":"Error: Chrome is not running in debug mode on port 9222. Please start Chrome with: google-chrome --headless --remote-debugging-port=9222\n    at SessionManager.testChromeAvailability (file:///root/vyvoj_sw/ku_downloader/dist/core/SessionManager.js:207:19)\n    at process.processTicksAndRejections (node:internal/process/task_queues:95:5)\n    at async SessionManager.connect (file:///root/vyvoj_sw/ku_downloader/dist/core/SessionManager.js:47:13)\n    at async Timeout._onTimeout (file:///root/vyvoj_sw/ku_downloader/dist/core/SessionManager.js:300:17)"},"level":"error","message":"Failed to connect to Chrome","timestamp":"2025-06-08 11:32:13"}
{"level":"info","message":"Scheduling reconnect attempt 2/5 in 4000ms","timestamp":"2025-06-08 11:32:13"}
{"error":{"message":"Failed to connect to Chrome on port 9222: Chrome is not running in debug mode on port 9222. Please start Chrome with: google-chrome --headless --remote-debugging-port=9222","name":"NetworkError","stack":"NetworkError: Failed to connect to Chrome on port 9222: Chrome is not running in debug mode on port 9222. Please start Chrome with: google-chrome --headless --remote-debugging-port=9222\n    at SessionManager.connect (file:///root/vyvoj_sw/ku_downloader/dist/core/SessionManager.js:78:19)\n    at process.processTicksAndRejections (node:internal/process/task_queues:95:5)\n    at async Timeout._onTimeout (file:///root/vyvoj_sw/ku_downloader/dist/core/SessionManager.js:300:17)"},"level":"error","message":"Reconnect attempt 2 failed","timestamp":"2025-06-08 11:32:13"}
{"level":"info","message":"Connecting to Chrome on port 9222","timestamp":"2025-06-08 11:32:17"}
{"error":{"message":"Chrome is not running in debug mode on port 9222. Please start Chrome with: google-chrome --headless --remote-debugging-port=9222","name":"Error","stack":"Error: Chrome is not running in debug mode on port 9222. Please start Chrome with: google-chrome --headless --remote-debugging-port=9222\n    at SessionManager.testChromeAvailability (file:///root/vyvoj_sw/ku_downloader/dist/core/SessionManager.js:207:19)\n    at process.processTicksAndRejections (node:internal/process/task_queues:95:5)\n    at async SessionManager.connect (file:///root/vyvoj_sw/ku_downloader/dist/core/SessionManager.js:47:13)\n    at async Timeout._onTimeout (file:///root/vyvoj_sw/ku_downloader/dist/core/SessionManager.js:300:17)"},"level":"error","message":"Failed to connect to Chrome","timestamp":"2025-06-08 11:32:17"}
{"level":"info","message":"Scheduling reconnect attempt 3/5 in 6000ms","timestamp":"2025-06-08 11:32:17"}
{"error":{"message":"Failed to connect to Chrome on port 9222: Chrome is not running in debug mode on port 9222. Please start Chrome with: google-chrome --headless --remote-debugging-port=9222","name":"NetworkError","stack":"NetworkError: Failed to connect to Chrome on port 9222: Chrome is not running in debug mode on port 9222. Please start Chrome with: google-chrome --headless --remote-debugging-port=9222\n    at SessionManager.connect (file:///root/vyvoj_sw/ku_downloader/dist/core/SessionManager.js:78:19)\n    at process.processTicksAndRejections (node:internal/process/task_queues:95:5)\n    at async Timeout._onTimeout (file:///root/vyvoj_sw/ku_downloader/dist/core/SessionManager.js:300:17)"},"level":"error","message":"Reconnect attempt 3 failed","timestamp":"2025-06-08 11:32:17"}
{"level":"warn","message":"Disconnected from Chrome debug session","timestamp":"2025-06-08 11:32:19"}
{"level":"info","message":"Starting download process for 1 projects","projects":["2799"],"timestamp":"2025-06-08 11:32:58"}
{"duplicatesRemoved":0,"level":"info","message":"Prepared 1 projects for download","timestamp":"2025-06-08 11:32:58","total":1,"unique":1}
{"level":"info","message":"Connecting to Chrome on port 9222","timestamp":"2025-06-08 11:32:58"}
{"level":"info","message":"Available Chrome tabs (1):","timestamp":"2025-06-08 11:32:58"}
{"level":"info","message":"  Tab 3CFB5A921A5EA3C20329008085EC9AAC: New Tab - chrome://newtab/","timestamp":"2025-06-08 11:32:58"}
{"chromePort":9222,"level":"info","message":"Connected to Chrome debug session","timestamp":"2025-06-08 11:32:58"}
{"level":"info","message":"Chrome connection established","timestamp":"2025-06-08 11:32:58"}
{"level":"info","message":"Starting project download","projectNumber":"0002799","timestamp":"2025-06-08 11:32:58"}
{"level":"info","message":"Navigating to ESF portal and setting up project page","projectNumber":"0002799","timestamp":"2025-06-08 11:32:58"}
{"level":"info","message":"[0002799] Starting ESF portal navigation","timestamp":"2025-06-08 11:32:58"}
{"error":{"message":"Failed to navigate to projects list","name":"NetworkError","stack":"NetworkError: Failed to navigate to projects list\n    at ESFPortal.navigateToProjectsList (file:///root/vyvoj_sw/ku_downloader/dist/core/ESFPortal.js:149:19)\n    at process.processTicksAndRejections (node:internal/process/task_queues:95:5)\n    at async ESFPortal.navigateToProject (file:///root/vyvoj_sw/ku_downloader/dist/core/ESFPortal.js:29:13)\n    at async DownloadEngine.downloadProject (file:///root/vyvoj_sw/ku_downloader/dist/core/DownloadEngine.js:98:13)\n    at async DownloadEngine.downloadProjects (file:///root/vyvoj_sw/ku_downloader/dist/core/DownloadEngine.js:49:36)\n    at async ESFDownloaderCLI.run (file:///root/vyvoj_sw/ku_downloader/dist/interfaces/cli/index.js:39:29)"},"level":"error","message":"Project download failed","projectNumber":"0002799","timestamp":"2025-06-08 11:33:03"}
{"error":{"message":"Failed to navigate to projects list","name":"NetworkError","stack":"NetworkError: Failed to navigate to projects list\n    at ESFPortal.navigateToProjectsList (file:///root/vyvoj_sw/ku_downloader/dist/core/ESFPortal.js:149:19)\n    at process.processTicksAndRejections (node:internal/process/task_queues:95:5)\n    at async ESFPortal.navigateToProject (file:///root/vyvoj_sw/ku_downloader/dist/core/ESFPortal.js:29:13)\n    at async DownloadEngine.downloadProject (file:///root/vyvoj_sw/ku_downloader/dist/core/DownloadEngine.js:98:13)\n    at async DownloadEngine.downloadProjects (file:///root/vyvoj_sw/ku_downloader/dist/core/DownloadEngine.js:49:36)\n    at async ESFDownloaderCLI.run (file:///root/vyvoj_sw/ku_downloader/dist/interfaces/cli/index.js:39:29)"},"level":"error","message":"Project 0002799 failed","projectNumber":"0002799","timestamp":"2025-06-08 11:33:03"}
{"level":"info","message":"Download process completed: 0/1 successful","timestamp":"2025-06-08 11:33:04"}
{"level":"warn","message":"Disconnected from Chrome debug session","timestamp":"2025-06-08 11:33:04"}
